# JRE version: Java(TM) SE Runtime Environment (8.0_202-b08) (build 1.8.0_202-b08)
# Java VM: Java HotSpot(TM) 64-Bit Server VM (25.202-b08 mixed mode windows-amd64 compressed oops)
Heap:
 PSYoungGen      total 549376K, used 67238K [0x000000076dc00000, 0x00000007a4380000, 0x00000007c0000000)
  eden space 505856K, 11% used [0x000000076dc00000,0x0000000771313ab0,0x000000078ca00000)
  from space 43520K, 24% used [0x000000078ca00000,0x000000078d495d80,0x000000078f480000)
  to   space 41472K, 0% used [0x00000007a1b00000,0x00000007a1b00000,0x00000007a4380000)
 ParOldGen       total 169472K, used 69551K [0x00000006c9400000, 0x00000006d3980000, 0x000000076dc00000)
  object space 169472K, 41% used [0x00000006c9400000,0x00000006cd7ebd10,0x00000006d3980000)
 Metaspace       used 19424K, capacity 19810K, committed 20096K, reserved 1067008K
  class space    used 2549K, capacity 2656K, committed 2688K, reserved 1048576K
GC Heap History (10 events):
Event: 1.585 GC heap before
{Heap before GC invocations=5 (full 0):
 PSYoungGen      total 138240K, used 138234K [0x000000076dc00000, 0x0000000776d00000, 0x00000007c0000000)
  eden space 128000K, 100% used [0x000000076dc00000,0x0000000775900000,0x0000000775900000)
  from space 10240K, 99% used [0x0000000776300000,0x0000000776cfe960,0x0000000776d00000)
  to   space 10240K, 0% used [0x0000000775900000,0x0000000775900000,0x0000000776300000)
 ParOldGen       total 169472K, used 65060K [0x00000006c9400000, 0x00000006d3980000, 0x000000076dc00000)
  object space 169472K, 38% used [0x00000006c9400000,0x00000006cd389170,0x00000006d3980000)
 Metaspace       used 18066K, capacity 18364K, committed 18688K, reserved 1064960K
  class space    used 2377K, capacity 2477K, committed 2560K, reserved 1048576K
Event: 1.589 GC heap after
Heap after GC invocations=5 (full 0):
 PSYoungGen      total 138240K, used 4160K [0x000000076dc00000, 0x0000000782b00000, 0x00000007c0000000)
  eden space 128000K, 0% used [0x000000076dc00000,0x000000076dc00000,0x0000000775900000)
  from space 10240K, 40% used [0x0000000775900000,0x0000000775d10060,0x0000000776300000)
  to   space 43520K, 0% used [0x0000000780080000,0x0000000780080000,0x0000000782b00000)
 ParOldGen       total 169472K, used 65068K [0x00000006c9400000, 0x00000006d3980000, 0x000000076dc00000)
  object space 169472K, 38% used [0x00000006c9400000,0x00000006cd38b170,0x00000006d3980000)
 Metaspace       used 18066K, capacity 18364K, committed 18688K, reserved 1064960K
  class space    used 2377K, capacity 2477K, committed 2560K, reserved 1048576K
}
Event: 1.655 GC heap before
{Heap before GC invocations=6 (full 0):
 PSYoungGen      total 138240K, used 132160K [0x000000076dc00000, 0x0000000782b00000, 0x00000007c0000000)
  eden space 128000K, 100% used [0x000000076dc00000,0x0000000775900000,0x0000000775900000)
  from space 10240K, 40% used [0x0000000775900000,0x0000000775d10060,0x0000000776300000)
  to   space 43520K, 0% used [0x0000000780080000,0x0000000780080000,0x0000000782b00000)
 ParOldGen       total 169472K, used 65125K [0x00000006c9400000, 0x00000006d3980000, 0x000000076dc00000)
  object space 169472K, 38% used [0x00000006c9400000,0x00000006cd399748,0x00000006d3980000)
 Metaspace       used 18685K, capacity 19058K, committed 19328K, reserved 1067008K
  class space    used 2478K, capacity 2574K, committed 2688K, reserved 1048576K
Event: 1.661 GC heap after
Heap after GC invocations=6 (full 0):
 PSYoungGen      total 296448K, used 29003K [0x000000076dc00000, 0x0000000783100000, 0x00000007c0000000)
  eden space 252928K, 0% used [0x000000076dc00000,0x000000076dc00000,0x000000077d300000)
  from space 43520K, 66% used [0x0000000780080000,0x0000000781cd2fe0,0x0000000782b00000)
  to   space 46592K, 0% used [0x000000077d300000,0x000000077d300000,0x0000000780080000)
 ParOldGen       total 169472K, used 65133K [0x00000006c9400000, 0x00000006d3980000, 0x000000076dc00000)
  object space 169472K, 38% used [0x00000006c9400000,0x00000006cd39b748,0x00000006d3980000)
 Metaspace       used 18685K, capacity 19058K, committed 19328K, reserved 1067008K
  class space    used 2478K, capacity 2574K, committed 2688K, reserved 1048576K
}
Event: 1.855 GC heap before
{Heap before GC invocations=7 (full 0):
 PSYoungGen      total 296448K, used 281931K [0x000000076dc00000, 0x0000000783100000, 0x00000007c0000000)
  eden space 252928K, 100% used [0x000000076dc00000,0x000000077d300000,0x000000077d300000)
  from space 43520K, 66% used [0x0000000780080000,0x0000000781cd2fe0,0x0000000782b00000)
  to   space 46592K, 0% used [0x000000077d300000,0x000000077d300000,0x0000000780080000)
 ParOldGen       total 169472K, used 65134K [0x00000006c9400000, 0x00000006d3980000, 0x000000076dc00000)
  object space 169472K, 38% used [0x00000006c9400000,0x00000006cd39bbf8,0x00000006d3980000)
 Metaspace       used 19211K, capacity 19614K, committed 19840K, reserved 1067008K
  class space    used 2545K, capacity 2656K, committed 2688K, reserved 1048576K
Event: 1.860 GC heap after
Heap after GC invocations=7 (full 0):
 PSYoungGen      total 299520K, used 12423K [0x000000076dc00000, 0x0000000791f00000, 0x00000007c0000000)
  eden space 252928K, 0% used [0x000000076dc00000,0x000000076dc00000,0x000000077d300000)
  from space 46592K, 26% used [0x000000077d300000,0x000000077df21d90,0x0000000780080000)
  to   space 43520K, 0% used [0x000000078f480000,0x000000078f480000,0x0000000791f00000)
 ParOldGen       total 169472K, used 67904K [0x00000006c9400000, 0x00000006d3980000, 0x000000076dc00000)
  object space 169472K, 40% used [0x00000006c9400000,0x00000006cd650040,0x00000006d3980000)
 Metaspace       used 19211K, capacity 19614K, committed 19840K, reserved 1067008K
  class space    used 2545K, capacity 2656K, committed 2688K, reserved 1048576K
}
Event: 2.490 GC heap before
{Heap before GC invocations=8 (full 0):
 PSYoungGen      total 299520K, used 262406K [0x000000076dc00000, 0x0000000791f00000, 0x00000007c0000000)
  eden space 252928K, 98% used [0x000000076dc00000,0x000000077d01fab0,0x000000077d300000)
  from space 46592K, 26% used [0x000000077d300000,0x000000077df21d90,0x0000000780080000)
  to   space 43520K, 0% used [0x000000078f480000,0x000000078f480000,0x0000000791f00000)
 ParOldGen       total 169472K, used 67904K [0x00000006c9400000, 0x00000006d3980000, 0x000000076dc00000)
  object space 169472K, 40% used [0x00000006c9400000,0x00000006cd650040,0x00000006d3980000)
 Metaspace       used 19294K, capacity 19678K, committed 19840K, reserved 1067008K
  class space    used 2546K, capacity 2656K, committed 2688K, reserved 1048576K
Event: 2.492 GC heap after
Heap after GC invocations=8 (full 0):
 PSYoungGen      total 549376K, used 1488K [0x000000076dc00000, 0x0000000791f00000, 0x00000007c0000000)
  eden space 505856K, 0% used [0x000000076dc00000,0x000000076dc00000,0x000000078ca00000)
  from space 43520K, 3% used [0x000000078f480000,0x000000078f5f4010,0x0000000791f00000)
  to   space 43520K, 0% used [0x000000078ca00000,0x000000078ca00000,0x000000078f480000)
 ParOldGen       total 169472K, used 68384K [0x00000006c9400000, 0x00000006d3980000, 0x000000076dc00000)
  object space 169472K, 40% used [0x00000006c9400000,0x00000006cd6c8040,0x00000006d3980000)
 Metaspace       used 19294K, capacity 19678K, committed 19840K, reserved 1067008K
  class space    used 2546K, capacity 2656K, committed 2688K, reserved 1048576K
}
Event: 4.023 GC heap before
{Heap before GC invocations=9 (full 0):
 PSYoungGen      total 549376K, used 507344K [0x000000076dc00000, 0x0000000791f00000, 0x00000007c0000000)
  eden space 505856K, 100% used [0x000000076dc00000,0x000000078ca00000,0x000000078ca00000)
  from space 43520K, 3% used [0x000000078f480000,0x000000078f5f4010,0x0000000791f00000)
  to   space 43520K, 0% used [0x000000078ca00000,0x000000078ca00000,0x000000078f480000)
 ParOldGen       total 169472K, used 68384K [0x00000006c9400000, 0x00000006d3980000, 0x000000076dc00000)
  object space 169472K, 40% used [0x00000006c9400000,0x00000006cd6c8040,0x00000006d3980000)
 Metaspace       used 19415K, capacity 19810K, committed 20096K, reserved 1067008K
  class space    used 2549K, capacity 2656K, committed 2688K, reserved 1048576K
Event: 4.031 GC heap after
Heap after GC invocations=9 (full 0):
 PSYoungGen      total 549376K, used 10839K [0x000000076dc00000, 0x00000007a4380000, 0x00000007c0000000)
  eden space 505856K, 0% used [0x000000076dc00000,0x000000076dc00000,0x000000078ca00000)
  from space 43520K, 24% used [0x000000078ca00000,0x000000078d495d80,0x000000078f480000)
  to   space 41472K, 0% used [0x00000007a1b00000,0x00000007a1b00000,0x00000007a4380000)
 ParOldGen       total 169472K, used 69551K [0x00000006c9400000, 0x00000006d3980000, 0x000000076dc00000)
  object space 169472K, 41% used [0x00000006c9400000,0x00000006cd7ebd10,0x00000006d3980000)
 Metaspace       used 19415K, capacity 19810K, committed 20096K, reserved 1067008K
  class space    used 2549K, capacity 2656K, committed 2688K, reserved 1048576K
}

